<?xml version="1.0" encoding="UTF-8"?>
<!-- Generated by org.testng.reporters.JUnitReportReporter -->
<testsuite hostname="DESKTOP-Q7J3BI5" failures="0" tests="1" name="testCases.TestUserRole" time="2.969" errors="0" timestamp="2021-10-17T17:13:20 IST" skipped="0">
  <testcase classname="testCases.TestUserRole" name="checkUserRole" time="2.969"/>
  <system-out/>
</testsuite> <!-- testCases.TestUserRole -->
