<?xml version="1.0" encoding="UTF-8"?>
<!-- Generated by org.testng.reporters.JUnitReportReporter -->
<testsuite hostname="DESKTOP-Q7J3BI5" failures="0" tests="1" name="testCases.TestPendingLeaveRequest" time="5.153" errors="0" timestamp="2021-10-17T17:13:20 IST" skipped="0">
  <testcase classname="testCases.TestPendingLeaveRequest" name="verifyPendingLeaveRequests" time="5.153"/>
  <system-out/>
</testsuite> <!-- testCases.TestPendingLeaveRequest -->
