<?xml version="1.0" encoding="UTF-8"?>
<!-- Generated by org.testng.reporters.JUnitReportReporter -->
<testsuite hostname="DESKTOP-Q7J3BI5" failures="0" tests="6" name="TestNG.SkipATestCase" time="0.015" errors="0" timestamp="2021-10-08T23:42:24 IST" skipped="1">
  <testcase classname="TestNG.SkipATestCase" name="startTheCar" time="0.010"/>
  <system-out/>
  <testcase classname="TestNG.SkipATestCase" name="putFirstGear" time="0.002"/>
  <system-out/>
  <testcase classname="TestNG.SkipATestCase" name="putSecondGear" time="0.002"/>
  <system-out/>
  <testcase classname="TestNG.SkipATestCase" name="putThirdGear" time="0.001"/>
  <system-out/>
  <testcase classname="TestNG.SkipATestCase" name="putFourthGear" time="0.000"/>
  <system-out/>
  <testcase classname="TestNG.SkipATestCase" name="turnTheMusicOn">
    <skipped/>
  </testcase> <!-- turnTheMusicOn -->
  <system-out/>
</testsuite> <!-- TestNG.SkipATestCase -->
