<?xml version="1.0" encoding="UTF-8"?>
<!-- Generated by org.testng.reporters.JUnitReportReporter -->
<testsuite hostname="DESKTOP-Q7J3BI5" failures="0" tests="3" name="TestNG.DependenciesManagement" time="0.015" errors="0" timestamp="2021-10-11T12:03:07 IST" skipped="0">
  <testcase classname="TestNG.DependenciesManagement" name="engineering" time="0.003"/>
  <system-out/>
  <testcase classname="TestNG.DependenciesManagement" name="highSchool" time="0.010"/>
  <system-out/>
  <testcase classname="TestNG.DependenciesManagement" name="higherSecondary" time="0.002"/>
  <system-out/>
</testsuite> <!-- TestNG.DependenciesManagement -->
