<?xml version="1.0" encoding="UTF-8"?>
<!-- Generated by org.testng.reporters.JUnitReportReporter -->
<testsuite hostname="DESKTOP-Q7J3BI5" failures="0" tests="4" name="TestNG.SampleTestCase" time="0.008" errors="0" timestamp="2021-10-11T12:03:07 IST" skipped="0">
  <testcase classname="TestNG.SampleTestCase" name="fourthTestCase" time="0.002"/>
  <system-out/>
  <testcase classname="TestNG.SampleTestCase" name="secondTestCase" time="0.002"/>
  <system-out/>
  <testcase classname="TestNG.SampleTestCase" name="thirdTestCase" time="0.002"/>
  <system-out/>
  <testcase classname="TestNG.SampleTestCase" name="firstTestCase" time="0.002"/>
  <system-out/>
</testsuite> <!-- TestNG.SampleTestCase -->
