<?xml version="1.0" encoding="UTF-8"?>
<!-- Generated by org.testng.reporters.JUnitReportReporter -->
<testsuite hostname="DESKTOP-Q7J3BI5" failures="0" tests="5" name="TestNG.DriveACar" time="0.022" errors="0" timestamp="2021-10-08T23:37:04 IST" skipped="0">
  <testcase classname="TestNG.DriveACar" name="startTheCar" time="0.016"/>
  <system-out/>
  <testcase classname="TestNG.DriveACar" name="putFirstGear" time="0.001"/>
  <system-out/>
  <testcase classname="TestNG.DriveACar" name="putSecondGear" time="0.003"/>
  <system-out/>
  <testcase classname="TestNG.DriveACar" name="putThirdGear" time="0.000"/>
  <system-out/>
  <testcase classname="TestNG.DriveACar" name="putFourthGear" time="0.002"/>
  <system-out/>
</testsuite> <!-- TestNG.DriveACar -->
