<?xml version="1.0" encoding="UTF-8"?>
<!-- Generated by org.testng.reporters.JUnitReportReporter -->
<testsuite hostname="DESKTOP-Q7J3BI5" failures="0" tests="4" name="TestNG.GroupingExample" time="0.015" errors="0" timestamp="2021-10-11T13:19:57 IST" skipped="0">
  <testcase classname="TestNG.GroupingExample" name="vivo1" time="0.001"/>
  <system-out/>
  <testcase classname="TestNG.GroupingExample" name="moto1" time="0.011"/>
  <system-out/>
  <testcase classname="TestNG.GroupingExample" name="vivo2" time="0.002"/>
  <system-out/>
  <testcase classname="TestNG.GroupingExample" name="moto2" time="0.001"/>
  <system-out/>
</testsuite> <!-- TestNG.GroupingExample -->
