<?xml version="1.0" encoding="UTF-8"?>
<!-- Generated by org.testng.reporters.JUnitReportReporter -->
<testsuite hostname="DESKTOP-Q7J3BI5" failures="0" tests="3" name="TestNG.DependenciesManagement" time="0.009" errors="0" timestamp="2021-10-08T23:56:06 IST" skipped="0">
  <testcase classname="TestNG.DependenciesManagement" name="highSchool" time="0.007"/>
  <system-out/>
  <testcase classname="TestNG.DependenciesManagement" name="engineering" time="0.001"/>
  <system-out/>
  <testcase classname="TestNG.DependenciesManagement" name="higherSecondary" time="0.001"/>
  <system-out/>
</testsuite> <!-- TestNG.DependenciesManagement -->
