<?xml version="1.0" encoding="UTF-8"?>
<!-- Generated by org.testng.reporters.JUnitReportReporter -->
<testsuite hostname="DESKTOP-Q7J3BI5" failures="0" tests="3" name="TestNG.SuiteExample" time="22.492" errors="0" timestamp="2021-10-11T12:03:07 IST" skipped="0">
  <testcase classname="TestNG.SuiteExample" name="openYahoo" time="5.394"/>
  <system-out/>
  <testcase classname="TestNG.SuiteExample" name="openChrome" time="13.380"/>
  <system-out/>
  <testcase classname="TestNG.SuiteExample" name="openBing" time="3.718"/>
  <system-out/>
</testsuite> <!-- TestNG.SuiteExample -->
