<?xml version="1.0" encoding="UTF-8"?>
<!-- Generated by org.testng.reporters.JUnitReportReporter -->
<testsuite hostname="DESKTOP-Q7J3BI5" failures="0" tests="3" name="TestNG.SuiteExample" time="17.047" errors="0" timestamp="2021-10-09T22:52:08 IST" skipped="0">
  <testcase classname="TestNG.SuiteExample" name="openChrome" time="2.059"/>
  <system-out/>
  <testcase classname="TestNG.SuiteExample" name="openBing" time="3.285"/>
  <system-out/>
  <testcase classname="TestNG.SuiteExample" name="openYahoo" time="11.703"/>
  <system-out/>
</testsuite> <!-- TestNG.SuiteExample -->
