<?xml version="1.0" encoding="UTF-8"?>
<!-- Generated by org.testng.reporters.JUnitReportReporter -->
<testsuite hostname="DESKTOP-Q7J3BI5" failures="0" tests="1" name="TestNG.ParameterizationExample" time="0.014" errors="0" timestamp="2021-10-11T13:32:54 IST" skipped="0">
  <testcase classname="TestNG.ParameterizationExample" name="printName" time="0.014"/>
  <system-out/>
</testsuite> <!-- TestNG.ParameterizationExample -->
