<?xml version="1.0" encoding="UTF-8"?>
<!-- Generated by org.testng.reporters.JUnitReportReporter -->
<testsuite hostname="DESKTOP-Q7J3BI5" failures="0" tests="2" name="TestNG.ParallelTesting" time="20.032" errors="0" timestamp="2021-10-12T22:03:05 IST" skipped="0">
  <testcase classname="TestNG.ParallelTesting" name="openBing" time="9.321"/>
  <system-out/>
  <testcase classname="TestNG.ParallelTesting" name="openGoogle" time="10.711"/>
  <system-out/>
</testsuite> <!-- TestNG.ParallelTesting -->
